<?xml version="1.0" encoding="UTF-8"?>
<!-- Generated by org.testng.reporters.JUnitReportReporter -->
<testsuite skipped="0" hostname="SPHINX" name="example.NewTest" tests="3" failures="0" timestamp="15 Jan 2019 08:01:55 GMT" time="1.449" errors="0">
  <testcase name="test1" time="1.173" classname="example.NewTest"/>
  <testcase name="test2" time="0.235" classname="example.NewTest"/>
  <testcase name="test3" time="0.041" classname="example.NewTest"/>
</testsuite> <!-- example.NewTest -->
